TN:
SF:src/errors/AppError.ts
FN:6,AppError
FNF:1
FNH:1
FNDA:1,AppError
DA:1,1
DA:2,1
DA:3,1
DA:4,1
DA:5,1
DA:6,1
DA:7,1
DA:8,1
DA:9,1
DA:10,1
LF:10
LH:10
BRDA:6,0,0,1
BRF:1
BRH:1
end_of_record
TN:
SF:src/modules/equipments/entities/Service.ts
FN:36,Service
FNF:1
FNH:1
FNDA:2,Service
DA:1,1
DA:2,1
DA:3,1
DA:4,1
DA:5,1
DA:6,1
DA:7,1
DA:8,1
DA:9,1
DA:10,1
DA:11,1
DA:12,1
DA:13,1
DA:14,1
DA:15,1
DA:16,1
DA:17,1
DA:18,1
DA:19,1
DA:20,1
DA:21,1
DA:22,1
DA:23,1
DA:24,1
DA:25,1
DA:26,1
DA:27,1
DA:28,1
DA:29,1
DA:30,1
DA:31,1
DA:32,1
DA:33,1
DA:34,1
DA:35,1
DA:36,1
DA:37,2
DA:38,2
DA:39,2
DA:40,2
DA:41,1
DA:42,1
DA:43,1
LF:43
LH:43
BRDA:36,0,0,2
BRF:1
BRH:1
end_of_record
TN:
SF:src/modules/equipments/repositories/in-memory/ServiceRepositoryInMemory.ts
FN:5,ServicesRepositoryInMemory
FN:8,create
FN:32,findByName
FN:36,findById
FN:40,listByUserId
FNF:5
FNH:3
FNDA:2,ServicesRepositoryInMemory
FNDA:2,create
FNDA:4,findByName
FNDA:0,findById
FNDA:0,listByUserId
DA:1,1
DA:2,1
DA:3,1
DA:4,1
DA:5,2
DA:6,2
DA:7,2
DA:8,2
DA:9,2
DA:10,2
DA:11,2
DA:12,2
DA:13,2
DA:14,2
DA:15,2
DA:16,2
DA:17,2
DA:18,2
DA:19,2
DA:20,2
DA:21,2
DA:22,2
DA:23,2
DA:24,2
DA:25,2
DA:26,2
DA:27,2
DA:28,2
DA:29,2
DA:30,2
DA:31,2
DA:32,2
DA:33,4
DA:34,4
DA:35,4
DA:36,2
DA:37,0
DA:38,0
DA:39,0
DA:40,2
DA:41,0
DA:42,0
DA:43,2
DA:44,1
DA:45,1
LF:45
LH:40
BRDA:5,0,0,2
BRDA:8,1,0,2
BRDA:32,2,0,4
BRDA:34,3,0,2
BRDA:34,4,0,2
BRDA:33,5,0,2
BRF:6
BRH:6
end_of_record
TN:
SF:src/modules/equipments/useCases/createService/CreateServiceUseCase.ts
FN:8,CreateServiceUseCase
FN:13,execute
FNF:2
FNH:2
FNDA:2,CreateServiceUseCase
FNDA:3,execute
DA:1,1
DA:2,1
DA:3,1
DA:4,1
DA:5,1
DA:6,1
DA:7,1
DA:8,1
DA:9,2
DA:10,2
DA:11,2
DA:12,1
DA:13,1
DA:14,3
DA:15,3
DA:16,3
DA:17,3
DA:18,3
DA:19,3
DA:20,3
DA:21,3
DA:22,3
DA:23,3
DA:24,3
DA:25,3
DA:26,3
DA:27,1
DA:28,1
DA:29,2
DA:30,2
DA:31,2
DA:32,2
DA:33,2
DA:34,2
DA:35,2
DA:36,2
DA:37,2
DA:38,2
DA:39,2
DA:40,1
DA:41,1
DA:42,1
LF:42
LH:42
BRDA:8,0,0,2
BRDA:13,1,0,3
BRDA:26,2,0,1
BRDA:29,3,0,2
BRF:4
BRH:4
end_of_record
